running egg_info
creating ../../build/clase_05/clase_05.egg-info
writing ../../build/clase_05/clase_05.egg-info/PKG-INFO
writing dependency_links to ../../build/clase_05/clase_05.egg-info/dependency_links.txt
writing entry points to ../../build/clase_05/clase_05.egg-info/entry_points.txt
writing requirements to ../../build/clase_05/clase_05.egg-info/requires.txt
writing top-level names to ../../build/clase_05/clase_05.egg-info/top_level.txt
writing manifest file '../../build/clase_05/clase_05.egg-info/SOURCES.txt'
reading manifest file '../../build/clase_05/clase_05.egg-info/SOURCES.txt'
writing manifest file '../../build/clase_05/clase_05.egg-info/SOURCES.txt'
running build
running build_py
creating /home/ale/robotica-2025/build/clase_05/build
creating /home/ale/robotica-2025/build/clase_05/build/lib
creating /home/ale/robotica-2025/build/clase_05/build/lib/clase_05
copying clase_05/simple_publisher.py -> /home/ale/robotica-2025/build/clase_05/build/lib/clase_05
copying clase_05/simple_subscriber.py -> /home/ale/robotica-2025/build/clase_05/build/lib/clase_05
copying clase_05/__init__.py -> /home/ale/robotica-2025/build/clase_05/build/lib/clase_05
running install
running install_lib
creating /home/ale/robotica-2025/install/clase_05/lib/python3.12/site-packages/clase_05
copying /home/ale/robotica-2025/build/clase_05/build/lib/clase_05/simple_publisher.py -> /home/ale/robotica-2025/install/clase_05/lib/python3.12/site-packages/clase_05
copying /home/ale/robotica-2025/build/clase_05/build/lib/clase_05/simple_subscriber.py -> /home/ale/robotica-2025/install/clase_05/lib/python3.12/site-packages/clase_05
copying /home/ale/robotica-2025/build/clase_05/build/lib/clase_05/__init__.py -> /home/ale/robotica-2025/install/clase_05/lib/python3.12/site-packages/clase_05
byte-compiling /home/ale/robotica-2025/install/clase_05/lib/python3.12/site-packages/clase_05/simple_publisher.py to simple_publisher.cpython-312.pyc
byte-compiling /home/ale/robotica-2025/install/clase_05/lib/python3.12/site-packages/clase_05/simple_subscriber.py to simple_subscriber.cpython-312.pyc
byte-compiling /home/ale/robotica-2025/install/clase_05/lib/python3.12/site-packages/clase_05/__init__.py to __init__.cpython-312.pyc
running install_data
creating /home/ale/robotica-2025/install/clase_05/share/ament_index
creating /home/ale/robotica-2025/install/clase_05/share/ament_index/resource_index
creating /home/ale/robotica-2025/install/clase_05/share/ament_index/resource_index/packages
copying resource/clase_05 -> /home/ale/robotica-2025/install/clase_05/share/ament_index/resource_index/packages
copying package.xml -> /home/ale/robotica-2025/install/clase_05/share/clase_05
running install_egg_info
Copying ../../build/clase_05/clase_05.egg-info to /home/ale/robotica-2025/install/clase_05/lib/python3.12/site-packages/clase_05-0.0.0-py3.12.egg-info
running install_scripts
Installing simple_publisher script to /home/ale/robotica-2025/install/clase_05/lib/clase_05
Installing simple_subscriber script to /home/ale/robotica-2025/install/clase_05/lib/clase_05
writing list of installed files to '/home/ale/robotica-2025/build/clase_05/install.log'
