[0.959s] Invoking command in '/home/ale/robotica-2025/src/clase_05': PYTHONPATH=/home/ale/robotica-2025/build/clase_05/prefix_override:/usr/lib/python3/dist-packages/colcon_core/task/python/colcon_distutils_commands:/home/ale/robotica-2025/install/clase_05/lib/python3.12/site-packages:${PYTHONPATH} /usr/bin/python3 -W ignore:setup.py install is deprecated -W ignore:easy_install command is deprecated setup.py egg_info --egg-base ../../build/clase_05 build --build-base /home/ale/robotica-2025/build/clase_05/build install --record /home/ale/robotica-2025/build/clase_05/install.log --single-version-externally-managed install_data
[1.176s] running egg_info
[1.176s] creating ../../build/clase_05/clase_05.egg-info
[1.191s] writing ../../build/clase_05/clase_05.egg-info/PKG-INFO
[1.192s] writing dependency_links to ../../build/clase_05/clase_05.egg-info/dependency_links.txt
[1.192s] writing entry points to ../../build/clase_05/clase_05.egg-info/entry_points.txt
[1.192s] writing requirements to ../../build/clase_05/clase_05.egg-info/requires.txt
[1.192s] writing top-level names to ../../build/clase_05/clase_05.egg-info/top_level.txt
[1.192s] writing manifest file '../../build/clase_05/clase_05.egg-info/SOURCES.txt'
[1.224s] reading manifest file '../../build/clase_05/clase_05.egg-info/SOURCES.txt'
[1.225s] writing manifest file '../../build/clase_05/clase_05.egg-info/SOURCES.txt'
[1.225s] running build
[1.225s] running build_py
[1.225s] creating /home/ale/robotica-2025/build/clase_05/build
[1.225s] creating /home/ale/robotica-2025/build/clase_05/build/lib
[1.225s] creating /home/ale/robotica-2025/build/clase_05/build/lib/clase_05
[1.226s] copying clase_05/simple_publisher.py -> /home/ale/robotica-2025/build/clase_05/build/lib/clase_05
[1.226s] copying clase_05/simple_subscriber.py -> /home/ale/robotica-2025/build/clase_05/build/lib/clase_05
[1.227s] copying clase_05/__init__.py -> /home/ale/robotica-2025/build/clase_05/build/lib/clase_05
[1.227s] running install
[1.232s] running install_lib
[1.248s] creating /home/ale/robotica-2025/install/clase_05/lib/python3.12/site-packages/clase_05
[1.249s] copying /home/ale/robotica-2025/build/clase_05/build/lib/clase_05/simple_publisher.py -> /home/ale/robotica-2025/install/clase_05/lib/python3.12/site-packages/clase_05
[1.249s] copying /home/ale/robotica-2025/build/clase_05/build/lib/clase_05/simple_subscriber.py -> /home/ale/robotica-2025/install/clase_05/lib/python3.12/site-packages/clase_05
[1.249s] copying /home/ale/robotica-2025/build/clase_05/build/lib/clase_05/__init__.py -> /home/ale/robotica-2025/install/clase_05/lib/python3.12/site-packages/clase_05
[1.249s] byte-compiling /home/ale/robotica-2025/install/clase_05/lib/python3.12/site-packages/clase_05/simple_publisher.py to simple_publisher.cpython-312.pyc
[1.250s] byte-compiling /home/ale/robotica-2025/install/clase_05/lib/python3.12/site-packages/clase_05/simple_subscriber.py to simple_subscriber.cpython-312.pyc
[1.251s] byte-compiling /home/ale/robotica-2025/install/clase_05/lib/python3.12/site-packages/clase_05/__init__.py to __init__.cpython-312.pyc
[1.251s] running install_data
[1.251s] creating /home/ale/robotica-2025/install/clase_05/share/ament_index
[1.251s] creating /home/ale/robotica-2025/install/clase_05/share/ament_index/resource_index
[1.252s] creating /home/ale/robotica-2025/install/clase_05/share/ament_index/resource_index/packages
[1.253s] copying resource/clase_05 -> /home/ale/robotica-2025/install/clase_05/share/ament_index/resource_index/packages
[1.253s] copying package.xml -> /home/ale/robotica-2025/install/clase_05/share/clase_05
[1.253s] running install_egg_info
[1.269s] Copying ../../build/clase_05/clase_05.egg-info to /home/ale/robotica-2025/install/clase_05/lib/python3.12/site-packages/clase_05-0.0.0-py3.12.egg-info
[1.271s] running install_scripts
[1.375s] Installing simple_publisher script to /home/ale/robotica-2025/install/clase_05/lib/clase_05
[1.376s] Installing simple_subscriber script to /home/ale/robotica-2025/install/clase_05/lib/clase_05
[1.377s] writing list of installed files to '/home/ale/robotica-2025/build/clase_05/install.log'
[1.401s] Invoked command in '/home/ale/robotica-2025/src/clase_05' returned '0': PYTHONPATH=/home/ale/robotica-2025/build/clase_05/prefix_override:/usr/lib/python3/dist-packages/colcon_core/task/python/colcon_distutils_commands:/home/ale/robotica-2025/install/clase_05/lib/python3.12/site-packages:${PYTHONPATH} /usr/bin/python3 -W ignore:setup.py install is deprecated -W ignore:easy_install command is deprecated setup.py egg_info --egg-base ../../build/clase_05 build --build-base /home/ale/robotica-2025/build/clase_05/build install --record /home/ale/robotica-2025/build/clase_05/install.log --single-version-externally-managed install_data
