[0.987s] Invoking command in '/home/ale/robotica-2025/src/clase_06': PYTHONPATH=/home/ale/robotica-2025/build/clase_06/prefix_override:/usr/lib/python3/dist-packages/colcon_core/task/python/colcon_distutils_commands:/home/ale/robotica-2025/install/clase_06/lib/python3.12/site-packages:${PYTHONPATH} /usr/bin/python3 -W ignore:setup.py install is deprecated -W ignore:easy_install command is deprecated setup.py egg_info --egg-base ../../build/clase_06 build --build-base /home/ale/robotica-2025/build/clase_06/build install --record /home/ale/robotica-2025/build/clase_06/install.log --single-version-externally-managed install_data
[1.199s] running egg_info
[1.215s] writing ../../build/clase_06/clase_06.egg-info/PKG-INFO
[1.215s] writing dependency_links to ../../build/clase_06/clase_06.egg-info/dependency_links.txt
[1.215s] writing entry points to ../../build/clase_06/clase_06.egg-info/entry_points.txt
[1.216s] writing requirements to ../../build/clase_06/clase_06.egg-info/requires.txt
[1.216s] writing top-level names to ../../build/clase_06/clase_06.egg-info/top_level.txt
[1.249s] reading manifest file '../../build/clase_06/clase_06.egg-info/SOURCES.txt'
[1.250s] writing manifest file '../../build/clase_06/clase_06.egg-info/SOURCES.txt'
[1.251s] running build
[1.251s] running build_py
[1.251s] copying clase_06/temperature_sensor.py -> /home/ale/robotica-2025/build/clase_06/build/lib/clase_06
[1.251s] copying clase_06/temperature_monitor.py -> /home/ale/robotica-2025/build/clase_06/build/lib/clase_06
[1.252s] running install
[1.257s] running install_lib
[1.274s] copying /home/ale/robotica-2025/build/clase_06/build/lib/clase_06/temperature_sensor.py -> /home/ale/robotica-2025/install/clase_06/lib/python3.12/site-packages/clase_06
[1.274s] copying /home/ale/robotica-2025/build/clase_06/build/lib/clase_06/temperature_monitor.py -> /home/ale/robotica-2025/install/clase_06/lib/python3.12/site-packages/clase_06
[1.274s] byte-compiling /home/ale/robotica-2025/install/clase_06/lib/python3.12/site-packages/clase_06/temperature_sensor.py to temperature_sensor.cpython-312.pyc
[1.276s] byte-compiling /home/ale/robotica-2025/install/clase_06/lib/python3.12/site-packages/clase_06/temperature_monitor.py to temperature_monitor.cpython-312.pyc
[1.277s] running install_data
[1.277s] running install_egg_info
[1.294s] removing '/home/ale/robotica-2025/install/clase_06/lib/python3.12/site-packages/clase_06-0.0.0-py3.12.egg-info' (and everything under it)
[1.294s] Copying ../../build/clase_06/clase_06.egg-info to /home/ale/robotica-2025/install/clase_06/lib/python3.12/site-packages/clase_06-0.0.0-py3.12.egg-info
[1.296s] running install_scripts
[1.402s] Installing temperature_monitor script to /home/ale/robotica-2025/install/clase_06/lib/clase_06
[1.402s] Installing temperature_sensor script to /home/ale/robotica-2025/install/clase_06/lib/clase_06
[1.402s] writing list of installed files to '/home/ale/robotica-2025/build/clase_06/install.log'
[1.432s] Invoked command in '/home/ale/robotica-2025/src/clase_06' returned '0': PYTHONPATH=/home/ale/robotica-2025/build/clase_06/prefix_override:/usr/lib/python3/dist-packages/colcon_core/task/python/colcon_distutils_commands:/home/ale/robotica-2025/install/clase_06/lib/python3.12/site-packages:${PYTHONPATH} /usr/bin/python3 -W ignore:setup.py install is deprecated -W ignore:easy_install command is deprecated setup.py egg_info --egg-base ../../build/clase_06 build --build-base /home/ale/robotica-2025/build/clase_06/build install --record /home/ale/robotica-2025/build/clase_06/install.log --single-version-externally-managed install_data
