[0.213s] DEBUG:colcon:Command line arguments: ['/usr/bin/colcon', 'build', '--packages-select', 'clase_06']
[0.213s] DEBUG:colcon:Parsed command line arguments: Namespace(log_base=None, log_level=None, verb_name='build', build_base='build', install_base='install', merge_install=False, symlink_install=False, test_result_base=None, continue_on_error=False, executor='parallel', parallel_workers=24, event_handlers=None, ignore_user_meta=False, metas=['./colcon.meta'], base_paths=['.'], packages_ignore=None, packages_ignore_regex=None, paths=None, packages_up_to=None, packages_up_to_regex=None, packages_above=None, packages_above_and_dependencies=None, packages_above_depth=None, packages_select_by_dep=None, packages_skip_by_dep=None, packages_skip_up_to=None, packages_select_build_failed=False, packages_skip_build_finished=False, packages_select_test_failures=False, packages_skip_test_passed=False, packages_select=['clase_06'], packages_skip=None, packages_select_regex=None, packages_skip_regex=None, packages_start=None, packages_end=None, cmake_args=None, cmake_target=None, cmake_target_skip_unavailable=False, cmake_clean_cache=False, cmake_clean_first=False, cmake_force_configure=False, ament_cmake_args=None, catkin_cmake_args=None, catkin_skip_building_tests=False, verb_parser=<colcon_defaults.argument_parser.defaults.DefaultArgumentsDecorator object at 0x7ff4cd3b5d30>, verb_extension=<colcon_core.verb.build.BuildVerb object at 0x7ff4cd3b5ac0>, main=<bound method BuildVerb.main of <colcon_core.verb.build.BuildVerb object at 0x7ff4cd3b5ac0>>)
[0.271s] Level 1:colcon.colcon_core.package_discovery:discover_packages(colcon_meta) check parameters
[0.271s] Level 1:colcon.colcon_core.package_discovery:discover_packages(recursive) check parameters
[0.271s] Level 1:colcon.colcon_core.package_discovery:discover_packages(ignore) check parameters
[0.271s] Level 1:colcon.colcon_core.package_discovery:discover_packages(path) check parameters
[0.271s] Level 1:colcon.colcon_core.package_discovery:discover_packages(colcon_meta) discover
[0.271s] Level 1:colcon.colcon_core.package_discovery:discover_packages(recursive) discover
[0.271s] INFO:colcon.colcon_core.package_discovery:Crawling recursively for packages in '/home/ale/robotica-2025'
[0.271s] Level 1:colcon.colcon_core.package_identification:_identify(.) by extensions ['ignore', 'ignore_ament_install']
[0.272s] Level 1:colcon.colcon_core.package_identification:_identify(.) by extension 'ignore'
[0.272s] Level 1:colcon.colcon_core.package_identification:_identify(.) by extension 'ignore_ament_install'
[0.272s] Level 1:colcon.colcon_core.package_identification:_identify(.) by extensions ['colcon_pkg']
[0.272s] Level 1:colcon.colcon_core.package_identification:_identify(.) by extension 'colcon_pkg'
[0.272s] Level 1:colcon.colcon_core.package_identification:_identify(.) by extensions ['colcon_meta']
[0.272s] Level 1:colcon.colcon_core.package_identification:_identify(.) by extension 'colcon_meta'
[0.272s] Level 1:colcon.colcon_core.package_identification:_identify(.) by extensions ['ros']
[0.272s] Level 1:colcon.colcon_core.package_identification:_identify(.) by extension 'ros'
[0.302s] Level 1:colcon.colcon_core.package_identification:_identify(.) by extensions ['cmake', 'python']
[0.302s] Level 1:colcon.colcon_core.package_identification:_identify(.) by extension 'cmake'
[0.302s] Level 1:colcon.colcon_core.package_identification:_identify(.) by extension 'python'
[0.302s] Level 1:colcon.colcon_core.package_identification:_identify(.) by extensions ['python_setup_py']
[0.302s] Level 1:colcon.colcon_core.package_identification:_identify(.) by extension 'python_setup_py'
[0.302s] Level 1:colcon.colcon_core.package_identification:_identify(build) by extensions ['ignore', 'ignore_ament_install']
[0.303s] Level 1:colcon.colcon_core.package_identification:_identify(build) by extension 'ignore'
[0.303s] Level 1:colcon.colcon_core.package_identification:_identify(build) ignored
[0.303s] Level 1:colcon.colcon_core.package_identification:_identify(install) by extensions ['ignore', 'ignore_ament_install']
[0.303s] Level 1:colcon.colcon_core.package_identification:_identify(install) by extension 'ignore'
[0.303s] Level 1:colcon.colcon_core.package_identification:_identify(install) ignored
[0.303s] Level 1:colcon.colcon_core.package_identification:_identify(log) by extensions ['ignore', 'ignore_ament_install']
[0.303s] Level 1:colcon.colcon_core.package_identification:_identify(log) by extension 'ignore'
[0.303s] Level 1:colcon.colcon_core.package_identification:_identify(log) ignored
[0.304s] Level 1:colcon.colcon_core.package_identification:_identify(src) by extensions ['ignore', 'ignore_ament_install']
[0.304s] Level 1:colcon.colcon_core.package_identification:_identify(src) by extension 'ignore'
[0.304s] Level 1:colcon.colcon_core.package_identification:_identify(src) by extension 'ignore_ament_install'
[0.304s] Level 1:colcon.colcon_core.package_identification:_identify(src) by extensions ['colcon_pkg']
[0.304s] Level 1:colcon.colcon_core.package_identification:_identify(src) by extension 'colcon_pkg'
[0.304s] Level 1:colcon.colcon_core.package_identification:_identify(src) by extensions ['colcon_meta']
[0.304s] Level 1:colcon.colcon_core.package_identification:_identify(src) by extension 'colcon_meta'
[0.304s] Level 1:colcon.colcon_core.package_identification:_identify(src) by extensions ['ros']
[0.304s] Level 1:colcon.colcon_core.package_identification:_identify(src) by extension 'ros'
[0.304s] Level 1:colcon.colcon_core.package_identification:_identify(src) by extensions ['cmake', 'python']
[0.304s] Level 1:colcon.colcon_core.package_identification:_identify(src) by extension 'cmake'
[0.304s] Level 1:colcon.colcon_core.package_identification:_identify(src) by extension 'python'
[0.304s] Level 1:colcon.colcon_core.package_identification:_identify(src) by extensions ['python_setup_py']
[0.304s] Level 1:colcon.colcon_core.package_identification:_identify(src) by extension 'python_setup_py'
[0.304s] Level 1:colcon.colcon_core.package_identification:_identify(src/clase_04) by extensions ['ignore', 'ignore_ament_install']
[0.305s] Level 1:colcon.colcon_core.package_identification:_identify(src/clase_04) by extension 'ignore'
[0.305s] Level 1:colcon.colcon_core.package_identification:_identify(src/clase_04) by extension 'ignore_ament_install'
[0.305s] Level 1:colcon.colcon_core.package_identification:_identify(src/clase_04) by extensions ['colcon_pkg']
[0.305s] Level 1:colcon.colcon_core.package_identification:_identify(src/clase_04) by extension 'colcon_pkg'
[0.305s] Level 1:colcon.colcon_core.package_identification:_identify(src/clase_04) by extensions ['colcon_meta']
[0.305s] Level 1:colcon.colcon_core.package_identification:_identify(src/clase_04) by extension 'colcon_meta'
[0.305s] Level 1:colcon.colcon_core.package_identification:_identify(src/clase_04) by extensions ['ros']
[0.305s] Level 1:colcon.colcon_core.package_identification:_identify(src/clase_04) by extension 'ros'
[0.308s] DEBUG:colcon.colcon_core.package_identification:Package 'src/clase_04' with type 'ros.ament_python' and name 'clase_04'
[0.308s] Level 1:colcon.colcon_core.package_identification:_identify(src/clase_05) by extensions ['ignore', 'ignore_ament_install']
[0.309s] Level 1:colcon.colcon_core.package_identification:_identify(src/clase_05) by extension 'ignore'
[0.309s] Level 1:colcon.colcon_core.package_identification:_identify(src/clase_05) by extension 'ignore_ament_install'
[0.309s] Level 1:colcon.colcon_core.package_identification:_identify(src/clase_05) by extensions ['colcon_pkg']
[0.309s] Level 1:colcon.colcon_core.package_identification:_identify(src/clase_05) by extension 'colcon_pkg'
[0.309s] Level 1:colcon.colcon_core.package_identification:_identify(src/clase_05) by extensions ['colcon_meta']
[0.309s] Level 1:colcon.colcon_core.package_identification:_identify(src/clase_05) by extension 'colcon_meta'
[0.309s] Level 1:colcon.colcon_core.package_identification:_identify(src/clase_05) by extensions ['ros']
[0.309s] Level 1:colcon.colcon_core.package_identification:_identify(src/clase_05) by extension 'ros'
[0.309s] DEBUG:colcon.colcon_core.package_identification:Package 'src/clase_05' with type 'ros.ament_python' and name 'clase_05'
[0.309s] Level 1:colcon.colcon_core.package_identification:_identify(src/clase_06) by extensions ['ignore', 'ignore_ament_install']
[0.310s] Level 1:colcon.colcon_core.package_identification:_identify(src/clase_06) by extension 'ignore'
[0.310s] Level 1:colcon.colcon_core.package_identification:_identify(src/clase_06) by extension 'ignore_ament_install'
[0.310s] Level 1:colcon.colcon_core.package_identification:_identify(src/clase_06) by extensions ['colcon_pkg']
[0.310s] Level 1:colcon.colcon_core.package_identification:_identify(src/clase_06) by extension 'colcon_pkg'
[0.310s] Level 1:colcon.colcon_core.package_identification:_identify(src/clase_06) by extensions ['colcon_meta']
[0.310s] Level 1:colcon.colcon_core.package_identification:_identify(src/clase_06) by extension 'colcon_meta'
[0.310s] Level 1:colcon.colcon_core.package_identification:_identify(src/clase_06) by extensions ['ros']
[0.310s] Level 1:colcon.colcon_core.package_identification:_identify(src/clase_06) by extension 'ros'
[0.310s] DEBUG:colcon.colcon_core.package_identification:Package 'src/clase_06' with type 'ros.ament_python' and name 'clase_06'
[0.310s] Level 1:colcon.colcon_core.package_discovery:discover_packages(recursive) using defaults
[0.311s] Level 1:colcon.colcon_core.package_discovery:discover_packages(ignore) discover
[0.311s] Level 1:colcon.colcon_core.package_discovery:discover_packages(ignore) using defaults
[0.311s] Level 1:colcon.colcon_core.package_discovery:discover_packages(path) discover
[0.311s] Level 1:colcon.colcon_core.package_discovery:discover_packages(path) using defaults
[0.333s] INFO:colcon.colcon_core.package_selection:Skipping not selected package 'clase_04' in 'src/clase_04'
[0.333s] INFO:colcon.colcon_core.package_selection:Skipping not selected package 'clase_05' in 'src/clase_05'
[0.334s] Level 5:colcon.colcon_core.verb:set package 'clase_06' build argument 'cmake_args' from command line to 'None'
[0.334s] Level 5:colcon.colcon_core.verb:set package 'clase_06' build argument 'cmake_target' from command line to 'None'
[0.334s] Level 5:colcon.colcon_core.verb:set package 'clase_06' build argument 'cmake_target_skip_unavailable' from command line to 'False'
[0.334s] Level 5:colcon.colcon_core.verb:set package 'clase_06' build argument 'cmake_clean_cache' from command line to 'False'
[0.334s] Level 5:colcon.colcon_core.verb:set package 'clase_06' build argument 'cmake_clean_first' from command line to 'False'
[0.334s] Level 5:colcon.colcon_core.verb:set package 'clase_06' build argument 'cmake_force_configure' from command line to 'False'
[0.334s] Level 5:colcon.colcon_core.verb:set package 'clase_06' build argument 'ament_cmake_args' from command line to 'None'
[0.334s] Level 5:colcon.colcon_core.verb:set package 'clase_06' build argument 'catkin_cmake_args' from command line to 'None'
[0.334s] Level 5:colcon.colcon_core.verb:set package 'clase_06' build argument 'catkin_skip_building_tests' from command line to 'False'
[0.334s] DEBUG:colcon.colcon_core.verb:Building package 'clase_06' with the following arguments: {'ament_cmake_args': None, 'build_base': '/home/ale/robotica-2025/build/clase_06', 'catkin_cmake_args': None, 'catkin_skip_building_tests': False, 'cmake_args': None, 'cmake_clean_cache': False, 'cmake_clean_first': False, 'cmake_force_configure': False, 'cmake_target': None, 'cmake_target_skip_unavailable': False, 'install_base': '/home/ale/robotica-2025/install/clase_06', 'merge_install': False, 'path': '/home/ale/robotica-2025/src/clase_06', 'symlink_install': False, 'test_result_base': None}
[0.334s] INFO:colcon.colcon_core.executor:Executing jobs using 'parallel' executor
[0.335s] DEBUG:colcon.colcon_parallel_executor.executor.parallel:run_until_complete
[0.335s] INFO:colcon.colcon_ros.task.ament_python.build:Building ROS package in '/home/ale/robotica-2025/src/clase_06' with build type 'ament_python'
[0.335s] Level 1:colcon.colcon_core.shell:create_environment_hook('clase_06', 'ament_prefix_path')
[0.340s] INFO:colcon.colcon_core.plugin_system:Skipping extension 'colcon_core.shell.bat': Not used on non-Windows systems
[0.340s] INFO:colcon.colcon_core.shell:Creating environment descriptor '/home/ale/robotica-2025/install/clase_06/share/clase_06/hook/ament_prefix_path.dsv'
[0.341s] INFO:colcon.colcon_core.shell:Creating environment hook '/home/ale/robotica-2025/install/clase_06/share/clase_06/hook/ament_prefix_path.sh'
[0.342s] DEBUG:colcon.colcon_core.shell:Skip shell extension 'dsv' for command environment
[0.537s] INFO:colcon.colcon_core.task.python.build:Building Python package in '/home/ale/robotica-2025/src/clase_06'
[0.538s] DEBUG:colcon.colcon_core.shell:Skip shell extension 'dsv' for command environment
[1.302s] DEBUG:colcon.colcon_core.event_handler.log_command:Invoking command in '/home/ale/robotica-2025/src/clase_06': PYTHONPATH=/home/ale/robotica-2025/build/clase_06/prefix_override:/usr/lib/python3/dist-packages/colcon_core/task/python/colcon_distutils_commands:/home/ale/robotica-2025/install/clase_06/lib/python3.12/site-packages:${PYTHONPATH} /usr/bin/python3 -W ignore:setup.py install is deprecated -W ignore:easy_install command is deprecated setup.py egg_info --egg-base ../../build/clase_06 build --build-base /home/ale/robotica-2025/build/clase_06/build install --record /home/ale/robotica-2025/build/clase_06/install.log --single-version-externally-managed install_data
[1.734s] DEBUG:colcon.colcon_core.event_handler.log_command:Invoked command in '/home/ale/robotica-2025/src/clase_06' returned '0': PYTHONPATH=/home/ale/robotica-2025/build/clase_06/prefix_override:/usr/lib/python3/dist-packages/colcon_core/task/python/colcon_distutils_commands:/home/ale/robotica-2025/install/clase_06/lib/python3.12/site-packages:${PYTHONPATH} /usr/bin/python3 -W ignore:setup.py install is deprecated -W ignore:easy_install command is deprecated setup.py egg_info --egg-base ../../build/clase_06 build --build-base /home/ale/robotica-2025/build/clase_06/build install --record /home/ale/robotica-2025/build/clase_06/install.log --single-version-externally-managed install_data
[1.740s] Level 1:colcon.colcon_core.environment:checking '/home/ale/robotica-2025/install/clase_06' for CMake module files
[1.741s] Level 1:colcon.colcon_core.environment:checking '/home/ale/robotica-2025/install/clase_06' for CMake config files
[1.744s] Level 1:colcon.colcon_core.environment:checking '/home/ale/robotica-2025/install/clase_06/lib'
[1.744s] Level 1:colcon.colcon_core.environment:checking '/home/ale/robotica-2025/install/clase_06/bin'
[1.744s] Level 1:colcon.colcon_core.environment:checking '/home/ale/robotica-2025/install/clase_06/lib/pkgconfig/clase_06.pc'
[1.744s] Level 1:colcon.colcon_core.environment:checking '/home/ale/robotica-2025/install/clase_06/lib/python3.12/site-packages'
[1.745s] Level 1:colcon.colcon_core.shell:create_environment_hook('clase_06', 'pythonpath')
[1.745s] INFO:colcon.colcon_core.shell:Creating environment descriptor '/home/ale/robotica-2025/install/clase_06/share/clase_06/hook/pythonpath.dsv'
[1.745s] INFO:colcon.colcon_core.shell:Creating environment hook '/home/ale/robotica-2025/install/clase_06/share/clase_06/hook/pythonpath.sh'
[1.746s] Level 1:colcon.colcon_core.environment:checking '/home/ale/robotica-2025/install/clase_06/bin'
[1.746s] Level 1:colcon.colcon_core.environment:create_environment_scripts_only(clase_06)
[1.746s] INFO:colcon.colcon_core.shell:Creating package descriptor '/home/ale/robotica-2025/install/clase_06/share/clase_06/package.dsv'
[1.747s] INFO:colcon.colcon_core.shell:Creating package script '/home/ale/robotica-2025/install/clase_06/share/clase_06/package.sh'
[1.747s] INFO:colcon.colcon_core.shell:Creating package script '/home/ale/robotica-2025/install/clase_06/share/clase_06/package.bash'
[1.748s] INFO:colcon.colcon_core.shell:Creating package script '/home/ale/robotica-2025/install/clase_06/share/clase_06/package.zsh'
[1.749s] Level 1:colcon.colcon_core.environment:create_file_with_runtime_dependencies(/home/ale/robotica-2025/install/clase_06/share/colcon-core/packages/clase_06)
[1.749s] DEBUG:colcon.colcon_parallel_executor.executor.parallel:closing loop
[1.750s] DEBUG:colcon.colcon_parallel_executor.executor.parallel:loop closed
[1.751s] DEBUG:colcon.colcon_parallel_executor.executor.parallel:run_until_complete finished with '0'
[1.751s] DEBUG:colcon.colcon_core.event_reactor:joining thread
[1.792s] INFO:colcon.colcon_core.plugin_system:Skipping extension 'colcon_notification.desktop_notification.notify_send': Could not find 'notify-send'
[1.792s] INFO:colcon.colcon_core.plugin_system:Skipping extension 'colcon_notification.desktop_notification.terminal_notifier': Not used on non-Darwin systems
[1.792s] INFO:colcon.colcon_core.plugin_system:Skipping extension 'colcon_notification.desktop_notification.win32': Not used on non-Windows systems
[1.792s] INFO:colcon.colcon_notification.desktop_notification:Sending desktop notification using 'notify2'
[1.794s] DEBUG:colcon.colcon_notification.desktop_notification.notify2:Failed to initialize notify2: org.freedesktop.DBus.Error.ServiceUnknown: The name org.freedesktop.Notifications was not provided by any .service files
[1.794s] DEBUG:colcon.colcon_core.event_reactor:joined thread
[1.794s] INFO:colcon.colcon_core.shell:Creating prefix script '/home/ale/robotica-2025/install/local_setup.sh'
[1.796s] INFO:colcon.colcon_core.shell:Creating prefix util module '/home/ale/robotica-2025/install/_local_setup_util_sh.py'
[1.797s] INFO:colcon.colcon_core.shell:Creating prefix chain script '/home/ale/robotica-2025/install/setup.sh'
[1.798s] INFO:colcon.colcon_core.shell:Creating prefix script '/home/ale/robotica-2025/install/local_setup.bash'
[1.799s] INFO:colcon.colcon_core.shell:Creating prefix chain script '/home/ale/robotica-2025/install/setup.bash'
[1.800s] INFO:colcon.colcon_core.shell:Creating prefix script '/home/ale/robotica-2025/install/local_setup.zsh'
[1.800s] INFO:colcon.colcon_core.shell:Creating prefix chain script '/home/ale/robotica-2025/install/setup.zsh'
