[0.666s] Invoking command in '/home/ale/robotica-2025/src/clase_04': PYTHONPATH=/home/ale/robotica-2025/build/clase_04/prefix_override:/usr/lib/python3/dist-packages/colcon_core/task/python/colcon_distutils_commands:/home/ale/robotica-2025/install/clase_04/lib/python3.12/site-packages:${PYTHONPATH} /usr/bin/python3 -W ignore:setup.py install is deprecated -W ignore:easy_install command is deprecated setup.py egg_info --egg-base ../../build/clase_04 build --build-base /home/ale/robotica-2025/build/clase_04/build install --record /home/ale/robotica-2025/build/clase_04/install.log --single-version-externally-managed install_data
[0.881s] running egg_info
[0.882s] creating ../../build/clase_04/clase_04.egg-info
[0.898s] writing ../../build/clase_04/clase_04.egg-info/PKG-INFO
[0.899s] writing dependency_links to ../../build/clase_04/clase_04.egg-info/dependency_links.txt
[0.899s] writing entry points to ../../build/clase_04/clase_04.egg-info/entry_points.txt
[0.899s] writing requirements to ../../build/clase_04/clase_04.egg-info/requires.txt
[0.899s] writing top-level names to ../../build/clase_04/clase_04.egg-info/top_level.txt
[0.899s] writing manifest file '../../build/clase_04/clase_04.egg-info/SOURCES.txt'
[0.932s] reading manifest file '../../build/clase_04/clase_04.egg-info/SOURCES.txt'
[0.933s] writing manifest file '../../build/clase_04/clase_04.egg-info/SOURCES.txt'
[0.933s] running build
[0.933s] running build_py
[0.933s] creating /home/ale/robotica-2025/build/clase_04/build
[0.934s] creating /home/ale/robotica-2025/build/clase_04/build/lib
[0.934s] creating /home/ale/robotica-2025/build/clase_04/build/lib/clase_04
[0.934s] copying clase_04/nodo_publicador.py -> /home/ale/robotica-2025/build/clase_04/build/lib/clase_04
[0.935s] copying clase_04/__init__.py -> /home/ale/robotica-2025/build/clase_04/build/lib/clase_04
[0.935s] running install
[0.941s] running install_lib
[0.957s] creating /home/ale/robotica-2025/install/clase_04/lib/python3.12/site-packages/clase_04
[0.958s] copying /home/ale/robotica-2025/build/clase_04/build/lib/clase_04/nodo_publicador.py -> /home/ale/robotica-2025/install/clase_04/lib/python3.12/site-packages/clase_04
[0.958s] copying /home/ale/robotica-2025/build/clase_04/build/lib/clase_04/__init__.py -> /home/ale/robotica-2025/install/clase_04/lib/python3.12/site-packages/clase_04
[0.958s] byte-compiling /home/ale/robotica-2025/install/clase_04/lib/python3.12/site-packages/clase_04/nodo_publicador.py to nodo_publicador.cpython-312.pyc
[0.959s] byte-compiling /home/ale/robotica-2025/install/clase_04/lib/python3.12/site-packages/clase_04/__init__.py to __init__.cpython-312.pyc
[0.959s] running install_data
[0.959s] creating /home/ale/robotica-2025/install/clase_04/share/ament_index
[0.959s] creating /home/ale/robotica-2025/install/clase_04/share/ament_index/resource_index
[0.959s] creating /home/ale/robotica-2025/install/clase_04/share/ament_index/resource_index/packages
[0.960s] copying resource/clase_04 -> /home/ale/robotica-2025/install/clase_04/share/ament_index/resource_index/packages
[0.960s] copying package.xml -> /home/ale/robotica-2025/install/clase_04/share/clase_04
[0.960s] running install_egg_info
[0.978s] Copying ../../build/clase_04/clase_04.egg-info to /home/ale/robotica-2025/install/clase_04/lib/python3.12/site-packages/clase_04-0.0.1-py3.12.egg-info
[0.979s] running install_scripts
[1.097s] Installing publicar script to /home/ale/robotica-2025/install/clase_04/lib/clase_04
[1.098s] writing list of installed files to '/home/ale/robotica-2025/build/clase_04/install.log'
[1.125s] Invoked command in '/home/ale/robotica-2025/src/clase_04' returned '0': PYTHONPATH=/home/ale/robotica-2025/build/clase_04/prefix_override:/usr/lib/python3/dist-packages/colcon_core/task/python/colcon_distutils_commands:/home/ale/robotica-2025/install/clase_04/lib/python3.12/site-packages:${PYTHONPATH} /usr/bin/python3 -W ignore:setup.py install is deprecated -W ignore:easy_install command is deprecated setup.py egg_info --egg-base ../../build/clase_04 build --build-base /home/ale/robotica-2025/build/clase_04/build install --record /home/ale/robotica-2025/build/clase_04/install.log --single-version-externally-managed install_data
