[1.023s] Invoking command in '/home/ale/robotica-2025/src/clase_04': PYTHONPATH=/home/ale/robotica-2025/build/clase_04/prefix_override:/usr/lib/python3/dist-packages/colcon_core/task/python/colcon_distutils_commands:/home/ale/robotica-2025/install/clase_04/lib/python3.12/site-packages:${PYTHONPATH} /usr/bin/python3 -W ignore:setup.py install is deprecated -W ignore:easy_install command is deprecated setup.py egg_info --egg-base ../../build/clase_04 build --build-base /home/ale/robotica-2025/build/clase_04/build install --record /home/ale/robotica-2025/build/clase_04/install.log --single-version-externally-managed install_data
[1.244s] running egg_info
[1.259s] writing ../../build/clase_04/clase_04.egg-info/PKG-INFO
[1.260s] writing dependency_links to ../../build/clase_04/clase_04.egg-info/dependency_links.txt
[1.261s] writing entry points to ../../build/clase_04/clase_04.egg-info/entry_points.txt
[1.261s] writing requirements to ../../build/clase_04/clase_04.egg-info/requires.txt
[1.261s] writing top-level names to ../../build/clase_04/clase_04.egg-info/top_level.txt
[1.293s] reading manifest file '../../build/clase_04/clase_04.egg-info/SOURCES.txt'
[1.294s] writing manifest file '../../build/clase_04/clase_04.egg-info/SOURCES.txt'
[1.294s] running build
[1.294s] running build_py
[1.295s] running install
[1.300s] running install_lib
[1.318s] running install_data
[1.318s] running install_egg_info
[1.334s] removing '/home/ale/robotica-2025/install/clase_04/lib/python3.12/site-packages/clase_04-0.0.1-py3.12.egg-info' (and everything under it)
[1.335s] Copying ../../build/clase_04/clase_04.egg-info to /home/ale/robotica-2025/install/clase_04/lib/python3.12/site-packages/clase_04-0.0.1-py3.12.egg-info
[1.336s] running install_scripts
[1.442s] Installing publicar script to /home/ale/robotica-2025/install/clase_04/lib/clase_04
[1.451s] Installing suscribir script to /home/ale/robotica-2025/install/clase_04/lib/clase_04
[1.451s] writing list of installed files to '/home/ale/robotica-2025/build/clase_04/install.log'
[1.475s] Invoked command in '/home/ale/robotica-2025/src/clase_04' returned '0': PYTHONPATH=/home/ale/robotica-2025/build/clase_04/prefix_override:/usr/lib/python3/dist-packages/colcon_core/task/python/colcon_distutils_commands:/home/ale/robotica-2025/install/clase_04/lib/python3.12/site-packages:${PYTHONPATH} /usr/bin/python3 -W ignore:setup.py install is deprecated -W ignore:easy_install command is deprecated setup.py egg_info --egg-base ../../build/clase_04 build --build-base /home/ale/robotica-2025/build/clase_04/build install --record /home/ale/robotica-2025/build/clase_04/install.log --single-version-externally-managed install_data
