[1.142s] Invoking command in '/home/ale/robotica-2025/src/clase_04': PYTHONPATH=/home/ale/robotica-2025/build/clase_04/prefix_override:/usr/lib/python3/dist-packages/colcon_core/task/python/colcon_distutils_commands:/home/ale/robotica-2025/install/clase_04/lib/python3.12/site-packages:${PYTHONPATH} /usr/bin/python3 -W ignore:setup.py install is deprecated -W ignore:easy_install command is deprecated setup.py egg_info --egg-base ../../build/clase_04 build --build-base /home/ale/robotica-2025/build/clase_04/build install --record /home/ale/robotica-2025/build/clase_04/install.log --single-version-externally-managed install_data
[1.359s] running egg_info
[1.374s] writing ../../build/clase_04/clase_04.egg-info/PKG-INFO
[1.374s] writing dependency_links to ../../build/clase_04/clase_04.egg-info/dependency_links.txt
[1.374s] writing entry points to ../../build/clase_04/clase_04.egg-info/entry_points.txt
[1.375s] writing requirements to ../../build/clase_04/clase_04.egg-info/requires.txt
[1.375s] writing top-level names to ../../build/clase_04/clase_04.egg-info/top_level.txt
[1.405s] reading manifest file '../../build/clase_04/clase_04.egg-info/SOURCES.txt'
[1.406s] writing manifest file '../../build/clase_04/clase_04.egg-info/SOURCES.txt'
[1.406s] running build
[1.406s] running build_py
[1.406s] copying clase_04/nodo_publicador.py -> /home/ale/robotica-2025/build/clase_04/build/lib/clase_04
[1.407s] copying clase_04/nodo_suscriptor.py -> /home/ale/robotica-2025/build/clase_04/build/lib/clase_04
[1.408s] running install
[1.413s] running install_lib
[1.429s] copying /home/ale/robotica-2025/build/clase_04/build/lib/clase_04/nodo_publicador.py -> /home/ale/robotica-2025/install/clase_04/lib/python3.12/site-packages/clase_04
[1.429s] copying /home/ale/robotica-2025/build/clase_04/build/lib/clase_04/nodo_suscriptor.py -> /home/ale/robotica-2025/install/clase_04/lib/python3.12/site-packages/clase_04
[1.429s] byte-compiling /home/ale/robotica-2025/install/clase_04/lib/python3.12/site-packages/clase_04/nodo_publicador.py to nodo_publicador.cpython-312.pyc
[1.430s] byte-compiling /home/ale/robotica-2025/install/clase_04/lib/python3.12/site-packages/clase_04/nodo_suscriptor.py to nodo_suscriptor.cpython-312.pyc
[1.430s] running install_data
[1.430s] copying package.xml -> /home/ale/robotica-2025/install/clase_04/share/clase_04
[1.431s] creating /home/ale/robotica-2025/install/clase_04/share/clase_04/launch
[1.431s] running install_egg_info
[1.448s] removing '/home/ale/robotica-2025/install/clase_04/lib/python3.12/site-packages/clase_04-0.0.1-py3.12.egg-info' (and everything under it)
[1.448s] Copying ../../build/clase_04/clase_04.egg-info to /home/ale/robotica-2025/install/clase_04/lib/python3.12/site-packages/clase_04-0.0.1-py3.12.egg-info
[1.450s] running install_scripts
[1.552s] Installing publicar script to /home/ale/robotica-2025/install/clase_04/lib/clase_04
[1.552s] Installing suscribir script to /home/ale/robotica-2025/install/clase_04/lib/clase_04
[1.552s] writing list of installed files to '/home/ale/robotica-2025/build/clase_04/install.log'
[1.596s] Invoked command in '/home/ale/robotica-2025/src/clase_04' returned '0': PYTHONPATH=/home/ale/robotica-2025/build/clase_04/prefix_override:/usr/lib/python3/dist-packages/colcon_core/task/python/colcon_distutils_commands:/home/ale/robotica-2025/install/clase_04/lib/python3.12/site-packages:${PYTHONPATH} /usr/bin/python3 -W ignore:setup.py install is deprecated -W ignore:easy_install command is deprecated setup.py egg_info --egg-base ../../build/clase_04 build --build-base /home/ale/robotica-2025/build/clase_04/build install --record /home/ale/robotica-2025/build/clase_04/install.log --single-version-externally-managed install_data
