running egg_info
writing ../../build/clase_04/clase_04.egg-info/PKG-INFO
writing dependency_links to ../../build/clase_04/clase_04.egg-info/dependency_links.txt
writing entry points to ../../build/clase_04/clase_04.egg-info/entry_points.txt
writing requirements to ../../build/clase_04/clase_04.egg-info/requires.txt
writing top-level names to ../../build/clase_04/clase_04.egg-info/top_level.txt
reading manifest file '../../build/clase_04/clase_04.egg-info/SOURCES.txt'
writing manifest file '../../build/clase_04/clase_04.egg-info/SOURCES.txt'
running build
running build_py
copying clase_04/nodo_suscriptor.py -> /home/ale/robotica-2025/build/clase_04/build/lib/clase_04
running install
running install_lib
copying /home/ale/robotica-2025/build/clase_04/build/lib/clase_04/nodo_suscriptor.py -> /home/ale/robotica-2025/install/clase_04/lib/python3.12/site-packages/clase_04
byte-compiling /home/ale/robotica-2025/install/clase_04/lib/python3.12/site-packages/clase_04/nodo_suscriptor.py to nodo_suscriptor.cpython-312.pyc
running install_data
running install_egg_info
removing '/home/ale/robotica-2025/install/clase_04/lib/python3.12/site-packages/clase_04-0.0.1-py3.12.egg-info' (and everything under it)
Copying ../../build/clase_04/clase_04.egg-info to /home/ale/robotica-2025/install/clase_04/lib/python3.12/site-packages/clase_04-0.0.1-py3.12.egg-info
running install_scripts
Installing publicar script to /home/ale/robotica-2025/install/clase_04/lib/clase_04
Installing suscribir script to /home/ale/robotica-2025/install/clase_04/lib/clase_04
writing list of installed files to '/home/ale/robotica-2025/build/clase_04/install.log'
