[1.018s] Invoking command in '/home/ale/robotica-2025/src/clase_04': PYTHONPATH=/home/ale/robotica-2025/build/clase_04/prefix_override:/usr/lib/python3/dist-packages/colcon_core/task/python/colcon_distutils_commands:/home/ale/robotica-2025/install/clase_04/lib/python3.12/site-packages:${PYTHONPATH} /usr/bin/python3 -W ignore:setup.py install is deprecated -W ignore:easy_install command is deprecated setup.py egg_info --egg-base ../../build/clase_04 build --build-base /home/ale/robotica-2025/build/clase_04/build install --record /home/ale/robotica-2025/build/clase_04/install.log --single-version-externally-managed install_data
[1.242s] running egg_info
[1.258s] writing ../../build/clase_04/clase_04.egg-info/PKG-INFO
[1.258s] writing dependency_links to ../../build/clase_04/clase_04.egg-info/dependency_links.txt
[1.258s] writing entry points to ../../build/clase_04/clase_04.egg-info/entry_points.txt
[1.259s] writing requirements to ../../build/clase_04/clase_04.egg-info/requires.txt
[1.259s] writing top-level names to ../../build/clase_04/clase_04.egg-info/top_level.txt
[1.290s] reading manifest file '../../build/clase_04/clase_04.egg-info/SOURCES.txt'
[1.291s] writing manifest file '../../build/clase_04/clase_04.egg-info/SOURCES.txt'
[1.291s] running build
[1.292s] running build_py
[1.292s] copying clase_04/nodo_suscriptor.py -> /home/ale/robotica-2025/build/clase_04/build/lib/clase_04
[1.292s] running install
[1.298s] running install_lib
[1.314s] copying /home/ale/robotica-2025/build/clase_04/build/lib/clase_04/nodo_suscriptor.py -> /home/ale/robotica-2025/install/clase_04/lib/python3.12/site-packages/clase_04
[1.314s] byte-compiling /home/ale/robotica-2025/install/clase_04/lib/python3.12/site-packages/clase_04/nodo_suscriptor.py to nodo_suscriptor.cpython-312.pyc
[1.315s] running install_data
[1.315s] running install_egg_info
[1.332s] removing '/home/ale/robotica-2025/install/clase_04/lib/python3.12/site-packages/clase_04-0.0.1-py3.12.egg-info' (and everything under it)
[1.333s] Copying ../../build/clase_04/clase_04.egg-info to /home/ale/robotica-2025/install/clase_04/lib/python3.12/site-packages/clase_04-0.0.1-py3.12.egg-info
[1.335s] running install_scripts
[1.446s] Installing publicar script to /home/ale/robotica-2025/install/clase_04/lib/clase_04
[1.446s] Installing suscribir script to /home/ale/robotica-2025/install/clase_04/lib/clase_04
[1.446s] writing list of installed files to '/home/ale/robotica-2025/build/clase_04/install.log'
[1.473s] Invoked command in '/home/ale/robotica-2025/src/clase_04' returned '0': PYTHONPATH=/home/ale/robotica-2025/build/clase_04/prefix_override:/usr/lib/python3/dist-packages/colcon_core/task/python/colcon_distutils_commands:/home/ale/robotica-2025/install/clase_04/lib/python3.12/site-packages:${PYTHONPATH} /usr/bin/python3 -W ignore:setup.py install is deprecated -W ignore:easy_install command is deprecated setup.py egg_info --egg-base ../../build/clase_04 build --build-base /home/ale/robotica-2025/build/clase_04/build install --record /home/ale/robotica-2025/build/clase_04/install.log --single-version-externally-managed install_data
