running egg_info
creating ../../build/clase-04/clase_04.egg-info
writing ../../build/clase-04/clase_04.egg-info/PKG-INFO
writing dependency_links to ../../build/clase-04/clase_04.egg-info/dependency_links.txt
writing requirements to ../../build/clase-04/clase_04.egg-info/requires.txt
writing top-level names to ../../build/clase-04/clase_04.egg-info/top_level.txt
writing manifest file '../../build/clase-04/clase_04.egg-info/SOURCES.txt'
reading manifest file '../../build/clase-04/clase_04.egg-info/SOURCES.txt'
writing manifest file '../../build/clase-04/clase_04.egg-info/SOURCES.txt'
running build
running build_py
creating /home/ale/robotica-2025/build/clase-04/build
creating /home/ale/robotica-2025/build/clase-04/build/lib
creating /home/ale/robotica-2025/build/clase-04/build/lib/clase-04
copying clase-04/nodo_publicador.py -> /home/ale/robotica-2025/build/clase-04/build/lib/clase-04
copying clase-04/__init__.py -> /home/ale/robotica-2025/build/clase-04/build/lib/clase-04
running install
running install_lib
creating /home/ale/robotica-2025/install/clase-04/lib/python3.12/site-packages/clase-04
copying /home/ale/robotica-2025/build/clase-04/build/lib/clase-04/nodo_publicador.py -> /home/ale/robotica-2025/install/clase-04/lib/python3.12/site-packages/clase-04
copying /home/ale/robotica-2025/build/clase-04/build/lib/clase-04/__init__.py -> /home/ale/robotica-2025/install/clase-04/lib/python3.12/site-packages/clase-04
byte-compiling /home/ale/robotica-2025/install/clase-04/lib/python3.12/site-packages/clase-04/nodo_publicador.py to nodo_publicador.cpython-312.pyc
byte-compiling /home/ale/robotica-2025/install/clase-04/lib/python3.12/site-packages/clase-04/__init__.py to __init__.cpython-312.pyc
running install_data
creating /home/ale/robotica-2025/install/clase-04/share/ament_index
creating /home/ale/robotica-2025/install/clase-04/share/ament_index/resource_index
creating /home/ale/robotica-2025/install/clase-04/share/ament_index/resource_index/packages
copying resource/clase-04 -> /home/ale/robotica-2025/install/clase-04/share/ament_index/resource_index/packages
copying package.xml -> /home/ale/robotica-2025/install/clase-04/share/clase-04
running install_egg_info
Copying ../../build/clase-04/clase_04.egg-info to /home/ale/robotica-2025/install/clase-04/lib/python3.12/site-packages/clase_04-0.0.1-py3.12.egg-info
running install_scripts
writing list of installed files to '/home/ale/robotica-2025/build/clase-04/install.log'
